#
# A fatal error has been detected by the Java Runtime Environment:
#
#  SIGSEGV (0xb) at pc=0x00000001068af846, pid=67788, tid=0x0000000000000e03
#
# JRE version: Java(TM) SE Runtime Environment (8.0_281-b09) (build 1.8.0_281-b09)
# Java VM: Java HotSpot(TM) 64-Bit Server VM (25.281-b09 mixed mode bsd-amd64 compressed oops)
# Problematic frame:
# C  [rsession+0x9db846]  rstudio_boost::asio::placeholders::bytes_transferred()+0x1b4e56
#
# Failed to write core dump. Core dumps have been disabled. To enable core dumping, try "ulimit -c unlimited" before starting Java again
#
# If you would like to submit a bug report, please visit:
#   http://bugreport.java.com/bugreport/crash.jsp
#

---------------  T H R E A D  ---------------

Current thread is native thread

siginfo: si_signo: 11 (SIGSEGV), si_code: 1 (SEGV_MAPERR), si_addr: 0x0000000000000000

Registers:
RAX=0x00007fcb20c4aa90, RBX=0x00007fcb20f48760, RCX=0x00007fcb20c4aa90, RDX=0x0000000000000000
RSP=0x000070000869ba80, RBP=0x000070000869bb10, RSI=0x0000000000000000, RDI=0x0000000000000000
R8 =0x00000000001fe693, R9 =0xffffffff00000000, R10=0x00007fcb20f48778, R11=0x00007fcb20e55ef0
R12=0x000070000869bc70, R13=0x000070000869bcc8, R14=0x0000000106e04b08, R15=0x000070000869bb80
RIP=0x00000001068af846, EFLAGS=0x0000000000010246, ERR=0x0000000000000006
  TRAPNO=0x000000000000000e

Top of Stack: (sp=0x000070000869ba80)
0x000070000869ba80:   0000000000000000 00007fcb20e6c330
0x000070000869ba90:   00007fcb20f66a20 0000000000000031
0x000070000869baa0:   0000000000000024 00007fcb20e59f80
0x000070000869bab0:   00007fcb20f66a20 0000000000000000
0x000070000869bac0:   0000000000000000 00007fcb20e1eb40
0x000070000869bad0:   00007fcb20f66a20 0000000000000031
0x000070000869bae0:   0000000000000024 00007fcb20e1eb40
0x000070000869baf0:   00007fcb20f70da0 000070000869bc70
0x000070000869bb00:   000070000869bbe0 00007fcb20f66a20
0x000070000869bb10:   000070000869bbd0 00000001068ac234
0x000070000869bb20:   0000000106dd52c8 00007fcb20e6c330
0x000070000869bb30:   0000000000000000 0000000000000000
0x000070000869bb40:   0000000000000031 0000000000000024
0x000070000869bb50:   00007fcb20e7baa0 00007fcb20f66a20
0x000070000869bb60:   0000000000000031 0000000000000024
0x000070000869bb70:   00007fcb20e597c0 00007fcb20f66a20
0x000070000869bb80:   0000000106ddcf60 00007fcb20e37ae0
0x000070000869bb90:   0000000000000000 00000001073b3000
0x000070000869bba0:   0000000106dd52c8 00007fcb20e2f0b0
0x000070000869bbb0:   0000000000000030 0000000000000030
0x000070000869bbc0:   00007fcb20f66b28 000070000869bdc8
0x000070000869bbd0:   000070000869bc10 00000001068b6bde
0x000070000869bbe0:   0000000000000031 0000000000000024
0x000070000869bbf0:   00007fcb20e61e00 00007fcb20f66a20
0x000070000869bc00:   00007fcb20fad8c0 00007fcb20f66b28
0x000070000869bc10:   000070000869bc60 00000001068b4228
0x000070000869bc20:   0000000106ddd0b0 0000000000000024
0x000070000869bc30:   0000000000000000 0000000000000000
0x000070000869bc40:   0000000000000000 00007fcb20f66a20
0x000070000869bc50:   000070000869bdc8 00007fcb20f66b28
0x000070000869bc60:   000070000869bcb0 0000000106911805
0x000070000869bc70:   0000000000000000 0000000000000000 

Instructions: (pc=0x00000001068af846)
0x00000001068af826:   30 49 03 76 48 48 39 c1 74 14 48 89 f1 48 c1 e9
0x00000001068af836:   07 83 e6 7f 48 c1 e6 05 48 03 34 c8 eb 02 31 f6
0x00000001068af846:   48 c7 06 00 00 00 00 49 8b 07 48 85 c0 74 2d 48
0x00000001068af856:   89 06 a8 01 75 15 48 83 e0 fe 49 83 c7 08 48 83 

Register to memory mapping:

RAX=0x00007fcb20c4aa90 is an unknown value
RBX=0x00007fcb20f48760 is an unknown value
RCX=0x00007fcb20c4aa90 is an unknown value
RDX=0x0000000000000000 is an unknown value
RSP=0x000070000869ba80 is an unknown value
RBP=0x000070000869bb10 is an unknown value
RSI=0x0000000000000000 is an unknown value
RDI=0x0000000000000000 is an unknown value
R8 =0x00000000001fe693 is an unknown value
R9 =0xffffffff00000000 is an unknown value
R10=0x00007fcb20f48778 is an unknown value
R11=0x00007fcb20e55ef0 is an unknown value
R12=0x000070000869bc70 is an unknown value
R13=0x000070000869bcc8 is an unknown value
R14=0x0000000106e04b08: _ZGVZN4YAML3Exp5DigitEvE1e+0x18020 in /Applications/RStudio.app/Contents/Resources/app/bin/rsession at 0x0000000105ed4000
R15=0x000070000869bb80 is an unknown value


Stack: [0x000070000861c000,0x000070000869c000],  sp=0x000070000869ba80,  free space=510k
Native frames: (J=compiled Java code, j=interpreted, Vv=VM code, C=native code)
C  [rsession+0x9db846]  rstudio_boost::asio::placeholders::bytes_transferred()+0x1b4e56
C  [rsession+0x9d8234]  rstudio_boost::asio::placeholders::bytes_transferred()+0x1b1844
C  [rsession+0x9e2bde]  rstudio_boost::asio::placeholders::bytes_transferred()+0x1bc1ee
C  [rsession+0x9e0228]  rstudio_boost::asio::placeholders::bytes_transferred()+0x1b9838
C  [rsession+0xa3d805]  rstudio_boost::asio::detail::descriptor_write_op_base<rstudio_boost::asio::const_buffers_1>::do_perform(rstudio_boost::asio::detail::reactor_op*)+0x6935
C  [rsession+0x9dad68]  rstudio_boost::asio::placeholders::bytes_transferred()+0x1b4378
C  [rsession+0xa3d8b0]  rstudio_boost::asio::detail::descriptor_write_op_base<rstudio_boost::asio::const_buffers_1>::do_perform(rstudio_boost::asio::detail::reactor_op*)+0x69e0
C  [rsession+0x9d5d99]  rstudio_boost::asio::placeholders::bytes_transferred()+0x1af3a9
C  [rsession+0xb77321]  rstudio_boost::asio::detail::descriptor_write_op_base<rstudio_boost::asio::const_buffers_1>::do_perform(rstudio_boost::asio::detail::reactor_op*)+0x140451
C  [libsystem_pthread.dylib+0x68fc]  _pthread_start+0xe0
C  [libsystem_pthread.dylib+0x2443]  thread_start+0xf


---------------  P R O C E S S  ---------------

VM state:not at safepoint (normal execution)

VM Mutex/Monitor currently owned by a thread: None

heap address: 0x00000007a0000000, size: 512 MB, Compressed Oops mode: Zero based, Oop shift amount: 3
Narrow klass base: 0x0000000000000000, Narrow klass shift: 3
Compressed class space size: 1073741824 Address: 0x00000007c0000000

Heap:
 PSYoungGen      total 101376K, used 78144K [0x00000007b5580000, 0x00000007bb980000, 0x00000007c0000000)
  eden space 100352K, 77% used [0x00000007b5580000,0x00000007ba1c8000,0x00000007bb780000)
  from space 1024K, 3% used [0x00000007bb880000,0x00000007bb888000,0x00000007bb980000)
  to   space 1024K, 0% used [0x00000007bb780000,0x00000007bb780000,0x00000007bb880000)
 ParOldGen       total 247808K, used 76228K [0x00000007a0000000, 0x00000007af200000, 0x00000007b5580000)
  object space 247808K, 30% used [0x00000007a0000000,0x00000007a4a71368,0x00000007af200000)
 Metaspace       used 10506K, capacity 10682K, committed 11008K, reserved 1058816K
  class space    used 1150K, capacity 1212K, committed 1280K, reserved 1048576K

Card table byte_map: [0x000000010a669000,0x000000010a76a000] byte_map_base: 0x0000000106969000

Marking Bits: (ParMarkBitMap*) 0x000000010cf28488
 Begin Bits: [0x000000012475f000, 0x0000000124f5f000)
 End Bits:   [0x0000000124f5f000, 0x000000012575f000)

Polling page: 0x000000010774a000

CodeCache: size=245760Kb used=8430Kb max_used=8459Kb free=237329Kb
 bounds [0x000000011575f000, 0x000000011607f000, 0x000000012475f000]
 total_blobs=1910 nmethods=1434 adapters=389
 compilation: enabled

Compilation events (10 events):
Event: 3397.389 Thread 0x00007fcb2013c000 1947   !   3       java.nio.charset.Charset::defaultCharset (65 bytes)
Event: 3397.389 Thread 0x00007fcb2013c000 nmethod 1947 0x0000000115975590 code [0x0000000115975780, 0x0000000115975f38]
Event: 3397.786 Thread 0x00007fcb02ab8800 1949       4       java.lang.Enum::valueOf (73 bytes)
Event: 3397.787 Thread 0x00007fcb205a2800 1950       4       sun.misc.FloatingDecimal$ASCIIToBinaryBuffer::doubleValue (1194 bytes)
Event: 3397.947 Thread 0x00007fcb2013c000 1951       3       density.Project$1::eval (11 bytes)
Event: 3397.948 Thread 0x00007fcb2013c000 nmethod 1951 0x000000011594c310 code [0x000000011594c480, 0x000000011594c6a8]
Event: 3397.952 Thread 0x00007fcb02ab8800 nmethod 1949 0x000000011587e490 code [0x000000011587e620, 0x000000011587ec78]
Event: 3397.953 Thread 0x00007fcb02ab8800 1952       4       density.Project$1::eval (11 bytes)
Event: 3397.963 Thread 0x00007fcb02ab8800 nmethod 1952 0x0000000115c91d50 code [0x0000000115c91f00, 0x0000000115c925f8]
Event: 3397.989 Thread 0x00007fcb205a2800 nmethod 1950 0x0000000115b05410 code [0x0000000115b056e0, 0x0000000115b06e50]

GC Heap History (10 events):
Event: 3397.860 GC heap before
{Heap before GC invocations=494 (full 3):
 PSYoungGen      total 99840K, used 99451K [0x00000007b5580000, 0x00000007bba80000, 0x00000007c0000000)
  eden space 99328K, 99% used [0x00000007b5580000,0x00000007bb61fe90,0x00000007bb680000)
  from space 512K, 99% used [0x00000007bb800000,0x00000007bb87f0e8,0x00000007bb880000)
  to   space 1536K, 98% used [0x00000007bb680000,0x00000007bb7faba0,0x00000007bb800000)
 ParOldGen       total 349696K, used 349689K [0x00000007a0000000, 0x00000007b5580000, 0x00000007b5580000)
  object space 349696K, 99% used [0x00000007a0000000,0x00000007b557e5f8,0x00000007b5580000)
 Metaspace       used 10505K, capacity 10682K, committed 11008K, reserved 1058816K
  class space    used 1150K, capacity 1212K, committed 1280K, reserved 1048576K
Event: 3397.947 GC heap after
Heap after GC invocations=494 (full 3):
 PSYoungGen      total 99840K, used 0K [0x00000007b5580000, 0x00000007bba80000, 0x00000007c0000000)
  eden space 99328K, 0% used [0x00000007b5580000,0x00000007b5580000,0x00000007bb680000)
  from space 512K, 0% used [0x00000007bb800000,0x00000007bb800000,0x00000007bb880000)
  to   space 1536K, 0% used [0x00000007bb680000,0x00000007bb680000,0x00000007bb800000)
 ParOldGen       total 247808K, used 74447K [0x00000007a0000000, 0x00000007af200000, 0x00000007b5580000)
  object space 247808K, 30% used [0x00000007a0000000,0x00000007a48b3c78,0x00000007af200000)
 Metaspace       used 10505K, capacity 10682K, committed 11008K, reserved 1058816K
  class space    used 1150K, capacity 1212K, committed 1280K, reserved 1048576K
}
Event: 3404.079 GC heap before
{Heap before GC invocations=495 (full 3):
 PSYoungGen      total 99840K, used 99328K [0x00000007b5580000, 0x00000007bba80000, 0x00000007c0000000)
  eden space 99328K, 100% used [0x00000007b5580000,0x00000007bb680000,0x00000007bb680000)
  from space 512K, 0% used [0x00000007bb800000,0x00000007bb800000,0x00000007bb880000)
  to   space 1536K, 0% used [0x00000007bb680000,0x00000007bb680000,0x00000007bb800000)
 ParOldGen       total 247808K, used 74447K [0x00000007a0000000, 0x00000007af200000, 0x00000007b5580000)
  object space 247808K, 30% used [0x00000007a0000000,0x00000007a48b3c78,0x00000007af200000)
 Metaspace       used 10505K, capacity 10682K, committed 11008K, reserved 1058816K
  class space    used 1150K, capacity 1212K, committed 1280K, reserved 1048576K
Event: 3404.080 GC heap after
Heap after GC invocations=495 (full 3):
 PSYoungGen      total 100864K, used 32K [0x00000007b5580000, 0x00000007bb900000, 0x00000007c0000000)
  eden space 99328K, 0% used [0x00000007b5580000,0x00000007b5580000,0x00000007bb680000)
  from space 1536K, 2% used [0x00000007bb680000,0x00000007bb688000,0x00000007bb800000)
  to   space 1024K, 0% used [0x00000007bb800000,0x00000007bb800000,0x00000007bb900000)
 ParOldGen       total 247808K, used 76228K [0x00000007a0000000, 0x00000007af200000, 0x00000007b5580000)
  object space 247808K, 30% used [0x00000007a0000000,0x00000007a4a71368,0x00000007af200000)
 Metaspace       used 10505K, capacity 10682K, committed 11008K, reserved 1058816K
  class space    used 1150K, capacity 1212K, committed 1280K, reserved 1048576K
}
Event: 3409.169 GC heap before
{Heap before GC invocations=496 (full 3):
 PSYoungGen      total 100864K, used 99360K [0x00000007b5580000, 0x00000007bb900000, 0x00000007c0000000)
  eden space 99328K, 100% used [0x00000007b5580000,0x00000007bb680000,0x00000007bb680000)
  from space 1536K, 2% used [0x00000007bb680000,0x00000007bb688000,0x00000007bb800000)
  to   space 1024K, 0% used [0x00000007bb800000,0x00000007bb800000,0x00000007bb900000)
 ParOldGen       total 247808K, used 76228K [0x00000007a0000000, 0x00000007af200000, 0x00000007b5580000)
  object space 247808K, 30% used [0x00000007a0000000,0x00000007a4a71368,0x00000007af200000)
 Metaspace       used 10505K, capacity 10682K, committed 11008K, reserved 1058816K
  class space    used 1150K, capacity 1212K, committed 1280K, reserved 1048576K
Event: 3409.169 GC heap after
Heap after GC invocations=496 (full 3):
 PSYoungGen      total 100864K, used 64K [0x00000007b5580000, 0x00000007bb900000, 0x00000007c0000000)
  eden space 99840K, 0% used [0x00000007b5580000,0x00000007b5580000,0x00000007bb700000)
  from space 1024K, 6% used [0x00000007bb800000,0x00000007bb810000,0x00000007bb900000)
  to   space 1024K, 0% used [0x00000007bb700000,0x00000007bb700000,0x00000007bb800000)
 ParOldGen       total 247808K, used 76228K [0x00000007a0000000, 0x00000007af200000, 0x00000007b5580000)
  object space 247808K, 30% used [0x00000007a0000000,0x00000007a4a71368,0x00000007af200000)
 Metaspace       used 10505K, capacity 10682K, committed 11008K, reserved 1058816K
  class space    used 1150K, capacity 1212K, committed 1280K, reserved 1048576K
}
Event: 3414.267 GC heap before
{Heap before GC invocations=497 (full 3):
 PSYoungGen      total 100864K, used 99904K [0x00000007b5580000, 0x00000007bb900000, 0x00000007c0000000)
  eden space 99840K, 100% used [0x00000007b5580000,0x00000007bb700000,0x00000007bb700000)
  from space 1024K, 6% used [0x00000007bb800000,0x00000007bb810000,0x00000007bb900000)
  to   space 1024K, 0% used [0x00000007bb700000,0x00000007bb700000,0x00000007bb800000)
 ParOldGen       total 247808K, used 76228K [0x00000007a0000000, 0x00000007af200000, 0x00000007b5580000)
  object space 247808K, 30% used [0x00000007a0000000,0x00000007a4a71368,0x00000007af200000)
 Metaspace       used 10505K, capacity 10682K, committed 11008K, reserved 1058816K
  class space    used 1150K, capacity 1212K, committed 1280K, reserved 1048576K
Event: 3414.268 GC heap after
Heap after GC invocations=497 (full 3):
 PSYoungGen      total 100864K, used 64K [0x00000007b5580000, 0x00000007bb980000, 0x00000007c0000000)
  eden space 99840K, 0% used [0x00000007b5580000,0x00000007b5580000,0x00000007bb700000)
  from space 1024K, 6% used [0x00000007bb700000,0x00000007bb710000,0x00000007bb800000)
  to   space 1024K, 0% used [0x00000007bb880000,0x00000007bb880000,0x00000007bb980000)
 ParOldGen       total 247808K, used 76228K [0x00000007a0000000, 0x00000007af200000, 0x00000007b5580000)
  object space 247808K, 30% used [0x00000007a0000000,0x00000007a4a71368,0x00000007af200000)
 Metaspace       used 10505K, capacity 10682K, committed 11008K, reserved 1058816K
  class space    used 1150K, capacity 1212K, committed 1280K, reserved 1048576K
}
Event: 3419.344 GC heap before
{Heap before GC invocations=498 (full 3):
 PSYoungGen      total 100864K, used 99904K [0x00000007b5580000, 0x00000007bb980000, 0x00000007c0000000)
  eden space 99840K, 100% used [0x00000007b5580000,0x00000007bb700000,0x00000007bb700000)
  from space 1024K, 6% used [0x00000007bb700000,0x00000007bb710000,0x00000007bb800000)
  to   space 1024K, 0% used [0x00000007bb880000,0x00000007bb880000,0x00000007bb980000)
 ParOldGen       total 247808K, used 76228K [0x00000007a0000000, 0x00000007af200000, 0x00000007b5580000)
  object space 247808K, 30% used [0x00000007a0000000,0x00000007a4a71368,0x00000007af200000)
 Metaspace       used 10505K, capacity 10682K, committed 11008K, reserved 1058816K
  class space    used 1150K, capacity 1212K, committed 1280K, reserved 1048576K
Event: 3419.344 GC heap after
Heap after GC invocations=498 (full 3):
 PSYoungGen      total 101376K, used 32K [0x00000007b5580000, 0x00000007bb980000, 0x00000007c0000000)
  eden space 100352K, 0% used [0x00000007b5580000,0x00000007b5580000,0x00000007bb780000)
  from space 1024K, 3% used [0x00000007bb880000,0x00000007bb888000,0x00000007bb980000)
  to   space 1024K, 0% used [0x00000007bb780000,0x00000007bb780000,0x00000007bb880000)
 ParOldGen       total 247808K, used 76228K [0x00000007a0000000, 0x00000007af200000, 0x00000007b5580000)
  object space 247808K, 30% used [0x00000007a0000000,0x00000007a4a71368,0x00000007af200000)
 Metaspace       used 10505K, capacity 10682K, committed 11008K, reserved 1058816K
  class space    used 1150K, capacity 1212K, committed 1280K, reserved 1048576K
}

Deoptimization events (10 events):
Event: 511.258 Thread 0x00007fcb200ff800 Uncommon trap: reason=bimorphic action=maybe_recompile pc=0x00000001158952a8 method=density.Project$ScaledGrid.eval(II)D @ 6
Event: 511.258 Thread 0x00007fcb200ff800 Uncommon trap: reason=bimorphic action=maybe_recompile pc=0x00000001158952a8 method=density.Project$ScaledGrid.eval(II)D @ 6
Event: 511.321 Thread 0x00007fcb200ff800 Uncommon trap: reason=unstable_if action=reinterpret pc=0x0000000115d29038 method=density.Project$3.eval(II)F @ 98
Event: 511.800 Thread 0x00007fcb200ff800 Uncommon trap: reason=unstable_if action=reinterpret pc=0x0000000115a3c000 method=java.util.DualPivotQuicksort.sort([DIIZ)V @ 989
Event: 3274.255 Thread 0x00007fcb200ff800 Uncommon trap: reason=class_check action=maybe_recompile pc=0x00000001158db45c method=java.lang.String.equals(Ljava/lang/Object;)Z @ 8
Event: 3274.323 Thread 0x00007fcb200ff800 Uncommon trap: reason=unloaded action=reinterpret pc=0x0000000115d78420 method=density.Runner.featuresWithSamples([Ldensity/Feature;[Ldensity/Sample;)[Ldensity/Feature; @ 462
Event: 3274.517 Thread 0x00007fcb200ff800 Uncommon trap: reason=class_check action=maybe_recompile pc=0x00000001158db45c method=java.lang.String.equals(Ljava/lang/Object;)Z @ 8
Event: 3291.462 Thread 0x00007fcb200ff800 Uncommon trap: reason=class_check action=maybe_recompile pc=0x0000000115c31ebc method=java.util.regex.Pattern$Slice.match(Ljava/util/regex/Matcher;ILjava/lang/CharSequence;)Z @ 75
Event: 3291.863 Thread 0x00007fcb200ff800 Uncommon trap: reason=unstable_if action=reinterpret pc=0x0000000115d83d6c method=sun.misc.FDBigInteger.cmp(Lsun/misc/FDBigInteger;)I @ 48
Event: 3397.947 Thread 0x00007fcb200ff800 Uncommon trap: reason=null_check action=make_not_entrant pc=0x0000000115d19ddc method=density.Project$2.eval(II)F @ 14

Classes redefined (0 events):
No events

Internal exceptions (10 events):
Event: 2.090 Thread 0x00007fcb200ff800 Exception <a 'java/security/PrivilegedActionException'> (0x00000007b567f090) thrown at [/jenkins/workspace/8-2-build-macosx-x86_64/jdk8u281/880/hotspot/src/share/vm/prims/jvm.cpp, line 1512]
Event: 2.090 Thread 0x00007fcb200ff800 Exception <a 'java/security/PrivilegedActionException'> (0x00000007b567f2a0) thrown at [/jenkins/workspace/8-2-build-macosx-x86_64/jdk8u281/880/hotspot/src/share/vm/prims/jvm.cpp, line 1512]
Event: 5.107 Thread 0x00007fcb200ff800 Exception <a 'java/lang/NoSuchFieldError': method resolution failed> (0x00000007b5feea68) thrown at [/jenkins/workspace/8-2-build-macosx-x86_64/jdk8u281/880/hotspot/src/share/vm/prims/methodHandles.cpp, line 1169]
Event: 5.108 Thread 0x00007fcb200ff800 Exception <a 'java/lang/NoSuchFieldError': method resolution failed> (0x00000007b5ffc1d8) thrown at [/jenkins/workspace/8-2-build-macosx-x86_64/jdk8u281/880/hotspot/src/share/vm/prims/methodHandles.cpp, line 1169]
Event: 5.138 Thread 0x00007fcb200ff800 Exception <a 'java/io/FileNotFoundException'> (0x00000007b6075158) thrown at [/jenkins/workspace/8-2-build-macosx-x86_64/jdk8u281/880/hotspot/src/share/vm/prims/jni.cpp, line 710]
Event: 5.138 Thread 0x00007fcb200ff800 Exception <a 'java/io/FileNotFoundException'> (0x00000007b6075ca0) thrown at [/jenkins/workspace/8-2-build-macosx-x86_64/jdk8u281/880/hotspot/src/share/vm/prims/jni.cpp, line 710]
Event: 5.478 Thread 0x00007fcb200ff800 Implicit null exception at 0x0000000115970b5d to 0x0000000115970bbd
Event: 57.638 Thread 0x00007fcb200ff800 Implicit null exception at 0x0000000115e3ec9f to 0x0000000115e3f3ac
Event: 57.639 Thread 0x00007fcb200ff800 Implicit null exception at 0x0000000115d18a1a to 0x0000000115d18dca
Event: 57.639 Thread 0x00007fcb200ff800 Implicit null exception at 0x0000000115d1a9ec to 0x0000000115d1ad46

Events (10 events):
Event: 3397.953 Thread 0x00007fcb02ab8800 flushing nmethod 0x0000000115c913d0
Event: 3404.079 Executing VM operation: ParallelGCFailedAllocation
Event: 3404.080 Executing VM operation: ParallelGCFailedAllocation done
Event: 3409.169 Executing VM operation: ParallelGCFailedAllocation
Event: 3409.169 Executing VM operation: ParallelGCFailedAllocation done
Event: 3414.267 Executing VM operation: ParallelGCFailedAllocation
Event: 3414.268 Executing VM operation: ParallelGCFailedAllocation done
Event: 3419.343 Executing VM operation: ParallelGCFailedAllocation
Event: 3419.344 Executing VM operation: ParallelGCFailedAllocation done
Event: 4418.344 Thread 0x00007fcb205a2000 Thread exited: 0x00007fcb205a2000


Dynamic libraries:
0x0000000106e8e000 	/Library/Frameworks/R.framework/Versions/4.2/Resources/lib/libR.dylib
0x00007fff22d28000 	/System/Library/Frameworks/AppKit.framework/Versions/C/AppKit
0x00007fff331b9000 	/System/Library/Frameworks/ApplicationServices.framework/Versions/A/ApplicationServices
0x00007fff204df000 	/System/Library/Frameworks/CoreFoundation.framework/Versions/A/CoreFoundation
0x00007fff2128f000 	/System/Library/Frameworks/Foundation.framework/Versions/C/Foundation
0x00007fff22c1f000 	/System/Library/Frameworks/IOKit.framework/Versions/A/IOKit
0x00007fff222f7000 	/System/Library/Frameworks/Security.framework/Versions/A/Security
0x00007fff29df5000 	/usr/lib/libbsm.0.dylib
0x00007fff26023000 	/usr/lib/libsqlite3.dylib
0x00000001073b9000 	/Applications/RStudio.app/Contents/Resources/app/Frameworks/libpq.5.13.dylib
0x00007fff2a642000 	/usr/lib/libSystem.B.dylib
0x00007fff2a57a000 	/usr/lib/libz.1.dylib
0x00007fff2ffde000 	/System/Library/Frameworks/CoreServices.framework/Versions/A/CoreServices
0x000000010740e000 	/Applications/RStudio.app/Contents/Resources/app/Frameworks/libssl.1.1.dylib
0x0000000107495000 	/Applications/RStudio.app/Contents/Resources/app/Frameworks/libcrypto.1.1.dylib
0x00007fff203c5000 	/usr/lib/libc++.1.dylib
0x00007fff202ff000 	/usr/lib/libobjc.A.dylib
0x00007fff23a74000 	/System/Library/PrivateFrameworks/UIFoundation.framework/Versions/A/UIFoundation
0x00007fff2fc73000 	/System/Library/PrivateFrameworks/RemoteViewServices.framework/Versions/A/RemoteViewServices
0x00007fff28a86000 	/System/Library/PrivateFrameworks/XCTTargetBootstrap.framework/Versions/A/XCTTargetBootstrap
0x00007fff2b76d000 	/usr/lib/libspindump.dylib
0x00007fff23cc3000 	/System/Library/Frameworks/UniformTypeIdentifiers.framework/Versions/A/UniformTypeIdentifiers
0x00007fff2728a000 	/usr/lib/libapp_launch_measurement.dylib
0x00007fff2728d000 	/System/Library/PrivateFrameworks/CoreAutoLayout.framework/Versions/A/CoreAutoLayout
0x00007fff283ed000 	/System/Library/Frameworks/Metal.framework/Versions/A/Metal
0x00007fff290e3000 	/usr/lib/liblangid.dylib
0x00007fff28a8a000 	/System/Library/PrivateFrameworks/CoreSVG.framework/Versions/A/CoreSVG
0x00007fff24d03000 	/System/Library/PrivateFrameworks/SkyLight.framework/Versions/A/SkyLight
0x00007fff25069000 	/System/Library/Frameworks/CoreGraphics.framework/Versions/A/CoreGraphics
0x00007fff3019a000 	/System/Library/Frameworks/Accelerate.framework/Versions/A/Accelerate
0x00007fff2b1ab000 	/System/Library/PrivateFrameworks/IconServices.framework/Versions/A/IconServices
0x00007fff283d1000 	/System/Library/Frameworks/IOSurface.framework/Versions/A/IOSurface
0x00007fff26575000 	/usr/lib/libDiagnosticMessagesClient.dylib
0x00007fff28a72000 	/System/Library/PrivateFrameworks/DFRFoundation.framework/Versions/A/DFRFoundation
0x00007fff2264f000 	/usr/lib/libicucore.A.dylib
0x00007fff2ccb2000 	/System/Library/Frameworks/AudioToolbox.framework/Versions/A/AudioToolbox
0x00007fff25bed000 	/System/Library/Frameworks/CoreData.framework/Versions/A/CoreData
0x00007fff2bf3a000 	/System/Library/PrivateFrameworks/DataDetectorsCore.framework/Versions/A/DataDetectorsCore
0x00007fff24c76000 	/usr/lib/libMobileGestalt.dylib
0x00007fff28776000 	/System/Library/Frameworks/Carbon.framework/Versions/A/Frameworks/HIToolbox.framework/Versions/A/HIToolbox
0x00007fff26ccf000 	/System/Library/Frameworks/QuartzCore.framework/Versions/A/QuartzCore
0x00007fff2fcab000 	/System/Library/Frameworks/Carbon.framework/Versions/A/Frameworks/SpeechRecognition.framework/Versions/A/SpeechRecognition
0x00007fff26fef000 	/System/Library/PrivateFrameworks/CoreUI.framework/Versions/A/CoreUI
0x00007fff21c65000 	/System/Library/Frameworks/CoreAudio.framework/Versions/A/CoreAudio
0x00007fff26660000 	/System/Library/Frameworks/DiskArbitration.framework/Versions/A/DiskArbitration
0x00007fff2bb3b000 	/System/Library/PrivateFrameworks/MultitouchSupport.framework/Versions/A/MultitouchSupport
0x00007fff2bf31000 	/System/Library/PrivateFrameworks/InternationalSupport.framework/Versions/A/InternationalSupport
0x00007fff24c75000 	/usr/lib/libenergytrace.dylib
0x00007fff2721c000 	/System/Library/PrivateFrameworks/PerformanceAnalysis.framework/Versions/A/PerformanceAnalysis
0x00007fff6b94f000 	/System/Library/Frameworks/OpenGL.framework/Versions/A/OpenGL
0x00007fff2bfb5000 	/System/Library/PrivateFrameworks/UserActivity.framework/Versions/A/UserActivity
0x00007fff256f3000 	/System/Library/Frameworks/ColorSync.framework/Versions/A/ColorSync
0x00007fff28cf1000 	/System/Library/Frameworks/CoreImage.framework/Versions/A/CoreImage
0x00007fff21a7f000 	/System/Library/Frameworks/CoreText.framework/Versions/A/CoreText
0x00007fff28ab4000 	/System/Library/Frameworks/ImageIO.framework/Versions/A/ImageIO
0x00007fff2a648000 	/System/Library/PrivateFrameworks/SoftLinking.framework/Versions/A/SoftLinking
0x00007fff272d5000 	/usr/lib/libxml2.2.dylib
0x00007fff2a8b9000 	/usr/lib/libcompression.dylib
0x00007fff2be63000 	/System/Library/PrivateFrameworks/TextureIO.framework/Versions/A/TextureIO
0x00007fff2aee9000 	/usr/lib/libate.dylib
0x00007fff2a63c000 	/usr/lib/system/libcache.dylib
0x00007fff2a5f8000 	/usr/lib/system/libcommonCrypto.dylib
0x00007fff2a622000 	/usr/lib/system/libcompiler_rt.dylib
0x00007fff2a617000 	/usr/lib/system/libcopyfile.dylib
0x00007fff201ef000 	/usr/lib/system/libcorecrypto.dylib
0x00007fff202ba000 	/usr/lib/system/libdispatch.dylib
0x00007fff2046d000 	/usr/lib/system/libdyld.dylib
0x00007fff2a633000 	/usr/lib/system/libkeymgr.dylib
0x00007fff2da49000 	/usr/lib/system/liblaunch.dylib
0x00007fff2a5d6000 	/usr/lib/system/libmacho.dylib
0x00007fff29dce000 	/usr/lib/system/libquarantine.dylib
0x00007fff2a630000 	/usr/lib/system/libremovefile.dylib
0x00007fff24cd3000 	/usr/lib/system/libsystem_asl.dylib
0x00007fff2019f000 	/usr/lib/system/libsystem_blocks.dylib
0x00007fff2033c000 	/usr/lib/system/libsystem_c.dylib
0x00007fff2a62a000 	/usr/lib/system/libsystem_collections.dylib
0x00007fff290d4000 	/usr/lib/system/libsystem_configuration.dylib
0x00007fff283c0000 	/usr/lib/system/libsystem_containermanager.dylib
0x00007fff2a379000 	/usr/lib/system/libsystem_coreservices.dylib
0x00007fff228af000 	/usr/lib/system/libsystem_darwin.dylib
0x00007fff2a634000 	/usr/lib/system/libsystem_dnssd.dylib
0x00007fff20339000 	/usr/lib/system/libsystem_featureflags.dylib
0x00007fff204b3000 	/usr/lib/system/libsystem_info.dylib
0x00007fff2a58d000 	/usr/lib/system/libsystem_m.dylib
0x00007fff2028d000 	/usr/lib/system/libsystem_malloc.dylib
0x00007fff24c66000 	/usr/lib/system/libsystem_networkextension.dylib
0x00007fff22cce000 	/usr/lib/system/libsystem_notify.dylib
0x00007fff2fee0000 	/usr/lib/system/libsystem_product_info_filter.dylib
0x00007fff290d8000 	/usr/lib/system/libsystem_sandbox.dylib
0x00007fff2a62d000 	/usr/lib/system/libsystem_secinit.dylib
0x00007fff20431000 	/usr/lib/system/libsystem_kernel.dylib
0x00007fff204a9000 	/usr/lib/system/libsystem_platform.dylib
0x00007fff20461000 	/usr/lib/system/libsystem_pthread.dylib
0x00007fff263b1000 	/usr/lib/system/libsystem_symptoms.dylib
0x00007fff201d7000 	/usr/lib/system/libsystem_trace.dylib
0x00007fff2a604000 	/usr/lib/system/libunwind.dylib
0x00007fff201a1000 	/usr/lib/system/libxpc.dylib
0x00007fff2041b000 	/usr/lib/libc++abi.dylib
0x00007fff2a60f000 	/usr/lib/liboah.dylib
0x00007fff2accd000 	/usr/lib/liblzma.5.dylib
0x00007fff20fa3000 	/System/Library/Frameworks/SystemConfiguration.framework/Versions/A/SystemConfiguration
0x00007fff2a644000 	/usr/lib/libfakelink.dylib
0x00007fff247c7000 	/System/Library/Frameworks/CFNetwork.framework/Versions/A/CFNetwork
0x00007fff2a784000 	/usr/lib/libarchive.2.dylib
0x00007fff21021000 	/usr/lib/libCRFSuite.dylib
0x00007fff24140000 	/usr/lib/libnetwork.dylib
0x00007fff2a649000 	/usr/lib/libpcap.A.dylib
0x00007fff263aa000 	/usr/lib/libdns_services.dylib
0x00007fff2ace6000 	/usr/lib/libcoretls_cfhelpers.dylib
0x00007fff2a883000 	/usr/lib/libapple_nghttp2.dylib
0x00007fff2a5dc000 	/usr/lib/system/libkxld.dylib
0x00007fff2a35c000 	/System/Library/PrivateFrameworks/AppleFSCompression.framework/Versions/A/AppleFSCompression
0x00007fff29ddd000 	/usr/lib/libcoretls.dylib
0x00007fff2a8b4000 	/usr/lib/libpam.2.dylib
0x00007fff2ade4000 	/usr/lib/libxar.1.dylib
0x00007fff290df000 	/System/Library/PrivateFrameworks/AppleSystemInfo.framework/Versions/A/AppleSystemInfo
0x00007fff29a1f000 	/System/Library/PrivateFrameworks/IOMobileFramebuffer.framework/Versions/A/IOMobileFramebuffer
0x00007fff2a36c000 	/usr/lib/libbz2.1.0.dylib
0x00007fff2a681000 	/usr/lib/libiconv.2.dylib
0x00007fff2a5d5000 	/usr/lib/libcharset.1.dylib
0x00007fff27258000 	/System/Library/Frameworks/CoreServices.framework/Versions/A/Frameworks/FSEvents.framework/Versions/A/FSEvents
0x00007fff228b9000 	/System/Library/Frameworks/CoreServices.framework/Versions/A/Frameworks/CarbonCore.framework/Versions/A/CarbonCore
0x00007fff265c5000 	/System/Library/Frameworks/CoreServices.framework/Versions/A/Frameworks/Metadata.framework/Versions/A/Metadata
0x00007fff2a37e000 	/System/Library/Frameworks/CoreServices.framework/Versions/A/Frameworks/OSServices.framework/Versions/A/OSServices
0x00007fff2a7f6000 	/System/Library/Frameworks/CoreServices.framework/Versions/A/Frameworks/SearchKit.framework/Versions/A/SearchKit
0x00007fff26335000 	/System/Library/Frameworks/CoreServices.framework/Versions/A/Frameworks/AE.framework/Versions/A/AE
0x00007fff2097d000 	/System/Library/Frameworks/CoreServices.framework/Versions/A/Frameworks/LaunchServices.framework/Versions/A/LaunchServices
0x00007fff2ac7d000 	/System/Library/Frameworks/CoreServices.framework/Versions/A/Frameworks/DictionaryServices.framework/Versions/A/DictionaryServices
0x00007fff27265000 	/System/Library/Frameworks/CoreServices.framework/Versions/A/Frameworks/SharedFileList.framework/Versions/A/SharedFileList
0x00007fff29dd1000 	/usr/lib/libCheckFix.dylib
0x00007fff24cea000 	/System/Library/PrivateFrameworks/TCC.framework/Versions/A/TCC
0x00007fff290e5000 	/System/Library/PrivateFrameworks/CoreNLP.framework/Versions/A/CoreNLP
0x00007fff26578000 	/System/Library/PrivateFrameworks/MetadataUtilities.framework/Versions/A/MetadataUtilities
0x00007fff21056000 	/usr/lib/libmecabra.dylib
0x00007fff2a0db000 	/System/Library/Frameworks/MLCompute.framework/Versions/A/MLCompute
0x00007fff29e06000 	/usr/lib/libmecab.dylib
0x00007fff29e50000 	/usr/lib/libgermantok.dylib
0x00007fff2a85e000 	/usr/lib/libThaiTokenizer.dylib
0x00007fff2ae20000 	/usr/lib/libChineseTokenizer.dylib
0x00007fff2a8b2000 	/System/Library/Frameworks/MetalPerformanceShaders.framework/Versions/A/MetalPerformanceShaders
0x00007fff26667000 	/System/Library/Frameworks/Accelerate.framework/Versions/A/Frameworks/vImage.framework/Versions/A/vImage
0x00007fff2ffb8000 	/System/Library/Frameworks/Accelerate.framework/Versions/A/Frameworks/vecLib.framework/Versions/A/vecLib
0x00007fff2ae2b000 	/System/Library/Frameworks/Accelerate.framework/Versions/A/Frameworks/vecLib.framework/Versions/A/libvMisc.dylib
0x00007fff2983a000 	/System/Library/Frameworks/Accelerate.framework/Versions/A/Frameworks/vecLib.framework/Versions/A/libvDSP.dylib
0x00007fff20c89000 	/System/Library/Frameworks/Accelerate.framework/Versions/A/Frameworks/vecLib.framework/Versions/A/libBLAS.dylib
0x00007fff2a8df000 	/System/Library/Frameworks/Accelerate.framework/Versions/A/Frameworks/vecLib.framework/Versions/A/libLAPACK.dylib
0x00007fff29e56000 	/System/Library/Frameworks/Accelerate.framework/Versions/A/Frameworks/vecLib.framework/Versions/A/libLinearAlgebra.dylib
0x00007fff2a89b000 	/System/Library/Frameworks/Accelerate.framework/Versions/A/Frameworks/vecLib.framework/Versions/A/libSparseBLAS.dylib
0x00007fff2a8d9000 	/System/Library/Frameworks/Accelerate.framework/Versions/A/Frameworks/vecLib.framework/Versions/A/libQuadrature.dylib
0x00007fff29191000 	/System/Library/Frameworks/Accelerate.framework/Versions/A/Frameworks/vecLib.framework/Versions/A/libBNNS.dylib
0x00007fff20f34000 	/System/Library/Frameworks/Accelerate.framework/Versions/A/Frameworks/vecLib.framework/Versions/A/libSparse.dylib
0x00007fff2906d000 	/System/Library/Frameworks/MetalPerformanceShaders.framework/Versions/A/Frameworks/MPSCore.framework/Versions/A/MPSCore
0x00007fff2a2cb000 	/System/Library/Frameworks/MetalPerformanceShaders.framework/Versions/A/Frameworks/MPSImage.framework/Versions/A/MPSImage
0x00007fff29e6c000 	/System/Library/Frameworks/MetalPerformanceShaders.framework/Versions/A/Frameworks/MPSNeuralNetwork.framework/Versions/A/MPSNeuralNetwork
0x00007fff2a23d000 	/System/Library/Frameworks/MetalPerformanceShaders.framework/Versions/A/Frameworks/MPSMatrix.framework/Versions/A/MPSMatrix
0x00007fff2a08b000 	/System/Library/Frameworks/MetalPerformanceShaders.framework/Versions/A/Frameworks/MPSRayIntersector.framework/Versions/A/MPSRayIntersector
0x00007fff2a274000 	/System/Library/Frameworks/MetalPerformanceShaders.framework/Versions/A/Frameworks/MPSNDArray.framework/Versions/A/MPSNDArray
0x00007fff20bb4000 	/System/Library/PrivateFrameworks/MetalTools.framework/Versions/A/MetalTools
0x00007fff290dd000 	/System/Library/PrivateFrameworks/AggregateDictionary.framework/Versions/A/AggregateDictionary
0x00007fff26545000 	/System/Library/PrivateFrameworks/CoreAnalytics.framework/Versions/A/CoreAnalytics
0x00007fff2a860000 	/System/Library/PrivateFrameworks/AppleSauce.framework/Versions/A/AppleSauce
0x00007fff283e3000 	/System/Library/PrivateFrameworks/IOAccelerator.framework/Versions/A/IOAccelerator
0x00007fff6b943000 	/System/Library/Frameworks/OpenGL.framework/Versions/A/Libraries/libCoreFSCache.dylib
0x00007fff215ee000 	/System/Library/PrivateFrameworks/LanguageModeling.framework/Versions/A/LanguageModeling
0x00007fff29a0d000 	/System/Library/PrivateFrameworks/CoreEmoji.framework/Versions/A/CoreEmoji
0x00007fff2918a000 	/System/Library/PrivateFrameworks/LinguisticData.framework/Versions/A/LinguisticData
0x00007fff20ee6000 	/System/Library/PrivateFrameworks/Lexicon.framework/Versions/A/Lexicon
0x00007fff2a772000 	/usr/lib/libcmph.dylib
0x00007fff27238000 	/System/Library/Frameworks/OpenDirectory.framework/Versions/A/Frameworks/CFOpenDirectory.framework/Versions/A/CFOpenDirectory
0x00007fff27228000 	/System/Library/Frameworks/OpenDirectory.framework/Versions/A/OpenDirectory
0x00007fff2ace8000 	/System/Library/PrivateFrameworks/APFS.framework/Versions/A/APFS
0x00007fff29d33000 	/System/Library/Frameworks/SecurityFoundation.framework/Versions/A/SecurityFoundation
0x00007fff2adf3000 	/usr/lib/libutil.dylib
0x00007fff22be4000 	/System/Library/PrivateFrameworks/CoreServicesStore.framework/Versions/A/CoreServicesStore
0x00007fff29dc9000 	/System/Library/Frameworks/ServiceManagement.framework/Versions/A/ServiceManagement
0x00007fff2adf7000 	/usr/lib/libxslt.1.dylib
0x00007fff29dbf000 	/System/Library/PrivateFrameworks/BackgroundTaskManagement.framework/Versions/A/BackgroundTaskManagement
0x00007fff2bdad000 	/System/Library/Frameworks/ImageIO.framework/Versions/A/Resources/libRadiance.dylib
0x00007fff2bdb7000 	/System/Library/Frameworks/ImageIO.framework/Versions/A/Resources/libJPEG.dylib
0x00007fff2bd05000 	/System/Library/Frameworks/ImageIO.framework/Versions/A/Resources/libPng.dylib
0x00007fff2bd26000 	/System/Library/Frameworks/ImageIO.framework/Versions/A/Resources/libTIFF.dylib
0x00007fff2be0c000 	/System/Library/Frameworks/ImageIO.framework/Versions/A/Resources/libGIF.dylib
0x00007fff2ba57000 	/System/Library/Frameworks/ImageIO.framework/Versions/A/Resources/libJP2.dylib
0x00007fff2b172000 	/usr/lib/libexpat.1.dylib
0x00007fff2ba0d000 	/System/Library/PrivateFrameworks/AppleJPEG.framework/Versions/A/AppleJPEG
0x00007fff28619000 	/System/Library/PrivateFrameworks/FontServices.framework/libFontParser.dylib
0x00007fff262ec000 	/System/Library/PrivateFrameworks/RunningBoardServices.framework/Versions/A/RunningBoardServices
0x00007fff2bb37000 	/System/Library/PrivateFrameworks/WatchdogClient.framework/Versions/A/WatchdogClient
0x00007fff216d7000 	/System/Library/Frameworks/CoreDisplay.framework/Versions/A/CoreDisplay
0x00007fff2852e000 	/System/Library/Frameworks/CoreMedia.framework/Versions/A/CoreMedia
0x00007fff273b8000 	/System/Library/Frameworks/CoreVideo.framework/Versions/A/CoreVideo
0x00007fff2bb72000 	/System/Library/Frameworks/VideoToolbox.framework/Versions/A/VideoToolbox
0x00007fff2626c000 	/System/Library/PrivateFrameworks/BaseBoard.framework/Versions/A/BaseBoard
0x00007fff2b2b7000 	/System/Library/PrivateFrameworks/PersistentConnection.framework/Versions/A/PersistentConnection
0x00007fff2600d000 	/System/Library/PrivateFrameworks/ProtocolBuffer.framework/Versions/A/ProtocolBuffer
0x00007fff26254000 	/System/Library/PrivateFrameworks/CommonUtilities.framework/Versions/A/CommonUtilities
0x00007fff2b9d0000 	/System/Library/PrivateFrameworks/Bom.framework/Versions/A/Bom
0x00007fff2bda5000 	/System/Library/PrivateFrameworks/GPUWrangler.framework/Versions/A/GPUWrangler
0x00007fff2bd88000 	/System/Library/PrivateFrameworks/IOPresentment.framework/Versions/A/IOPresentment
0x00007fff2bdb1000 	/System/Library/PrivateFrameworks/DSExternalDisplay.framework/Versions/A/DSExternalDisplay
0x00007fff2be11000 	/System/Library/PrivateFrameworks/CMCaptureCore.framework/Versions/A/CMCaptureCore
0x00007fff2b753000 	/System/Library/PrivateFrameworks/AppServerSupport.framework/Versions/A/AppServerSupport
0x00007fff2d7ec000 	/System/Library/PrivateFrameworks/perfdata.framework/Versions/A/perfdata
0x00007fff29d22000 	/System/Library/PrivateFrameworks/AssertionServices.framework/Versions/A/AssertionServices
0x00007fff2180e000 	/System/Library/PrivateFrameworks/AudioToolboxCore.framework/Versions/A/AudioToolboxCore
0x00007fff28511000 	/System/Library/PrivateFrameworks/caulk.framework/Versions/A/caulk
0x00007fff3cc93000 	/System/Library/PrivateFrameworks/SystemPolicy.framework/Versions/A/SystemPolicy
0x00007fff2af81000 	/usr/lib/libIOReport.dylib
0x00007fff2d028000 	/usr/lib/libSMC.dylib
0x00007fff2bcd1000 	/usr/lib/libAudioToolboxUtility.dylib
0x00007fff3d5f0000 	/usr/lib/libmis.dylib
0x00007fff6b99f000 	/System/Library/Frameworks/OpenGL.framework/Versions/A/Libraries/libGLU.dylib
0x00007fff6b962000 	/System/Library/Frameworks/OpenGL.framework/Versions/A/Libraries/libGFXShared.dylib
0x00007fff6bb70000 	/System/Library/Frameworks/OpenGL.framework/Versions/A/Libraries/libGL.dylib
0x00007fff6b96b000 	/System/Library/Frameworks/OpenGL.framework/Versions/A/Libraries/libGLImage.dylib
0x00007fff6b95f000 	/System/Library/Frameworks/OpenGL.framework/Versions/A/Libraries/libCVMSPluginSupport.dylib
0x00007fff6b94a000 	/System/Library/Frameworks/OpenGL.framework/Versions/A/Libraries/libCoreVMClient.dylib
0x00007fff6cfba000 	/System/Library/Frameworks/OpenCL.framework/Versions/A/OpenCL
0x00007fff2b2e0000 	/System/Library/PrivateFrameworks/GraphVisualizer.framework/Versions/A/GraphVisualizer
0x00007fff2b2ef000 	/System/Library/PrivateFrameworks/FaceCore.framework/Versions/A/FaceCore
0x00007fff2b70b000 	/System/Library/PrivateFrameworks/OTSVG.framework/Versions/A/OTSVG
0x00007fff26fad000 	/System/Library/Frameworks/ApplicationServices.framework/Versions/A/Frameworks/ATS.framework/Versions/A/Resources/libFontRegistry.dylib
0x00007fff2b75a000 	/System/Library/PrivateFrameworks/FontServices.framework/libhvf.dylib
0x00007fff2b11e000 	/System/Library/PrivateFrameworks/AppleVA.framework/Versions/A/AppleVA
0x00007fff2ce70000 	/System/Library/Frameworks/ApplicationServices.framework/Versions/A/Frameworks/ATS.framework/Versions/A/ATS
0x00007fff2d183000 	/System/Library/Frameworks/ApplicationServices.framework/Versions/A/Frameworks/ColorSyncLegacy.framework/Versions/A/ColorSyncLegacy
0x00007fff257eb000 	/System/Library/Frameworks/ApplicationServices.framework/Versions/A/Frameworks/HIServices.framework/Versions/A/HIServices
0x00007fff2d168000 	/System/Library/Frameworks/ApplicationServices.framework/Versions/A/Frameworks/LangAnalysis.framework/Versions/A/LangAnalysis
0x00007fff2be1b000 	/System/Library/Frameworks/ApplicationServices.framework/Versions/A/Frameworks/PrintCore.framework/Versions/A/PrintCore
0x00007fff2d18b000 	/System/Library/Frameworks/ApplicationServices.framework/Versions/A/Frameworks/QD.framework/Versions/A/QD
0x00007fff2ce60000 	/System/Library/Frameworks/ApplicationServices.framework/Versions/A/Frameworks/SpeechSynthesis.framework/Versions/A/SpeechSynthesis
0x00007fff2bddc000 	/System/Library/Frameworks/ApplicationServices.framework/Versions/A/Frameworks/ATSUI.framework/Versions/A/ATSUI
0x00007fff2d108000 	/usr/lib/libcups.2.dylib
0x00007fff2d178000 	/System/Library/PrivateFrameworks/NetAuth.framework/Versions/A/NetAuth
0x00007fff2d807000 	/System/Library/Frameworks/Kerberos.framework/Versions/A/Kerberos
0x00007fff2d817000 	/System/Library/Frameworks/GSS.framework/Versions/A/GSS
0x00007fff2cedd000 	/usr/lib/libresolv.9.dylib
0x00007fff2b770000 	/System/Library/PrivateFrameworks/Heimdal.framework/Versions/A/Heimdal
0x00007fff334ce000 	/System/Library/Frameworks/Kerberos.framework/Versions/A/Libraries/libHeimdalProxy.dylib
0x00007fff263b9000 	/System/Library/Frameworks/Network.framework/Versions/A/Network
0x00007fff2b18c000 	/usr/lib/libheimdal-asn1.dylib
0x00007fff2d868000 	/System/Library/PrivateFrameworks/CommonAuth.framework/Versions/A/CommonAuth
0x00007fff27406000 	/System/Library/PrivateFrameworks/login.framework/Versions/A/Frameworks/loginsupport.framework/Versions/A/loginsupport
0x00007fff2cde7000 	/System/Library/PrivateFrameworks/AudioSession.framework/Versions/A/AudioSession
0x00007fff2ce4d000 	/usr/lib/libAudioStatistics.dylib
0x00007fff2b218000 	/System/Library/PrivateFrameworks/MediaExperience.framework/Versions/A/MediaExperience
0x00007fff2cc80000 	/System/Library/PrivateFrameworks/AudioSession.framework/libSessionUtility.dylib
0x00007fff2d7f8000 	/usr/lib/libperfcheck.dylib
0x00007fff2d197000 	/System/Library/PrivateFrameworks/AudioResourceArbitration.framework/Versions/A/AudioResourceArbitration
0x00007fff2b196000 	/System/Library/PrivateFrameworks/IconFoundation.framework/Versions/A/IconFoundation
0x00007fff2fc9b000 	/System/Library/PrivateFrameworks/SpeechRecognitionCore.framework/Versions/A/SpeechRecognitionCore
0x00000001076fa000 	/Applications/RStudio.app/Contents/Resources/app/Frameworks/libgssapi_krb5.2.2.dylib
0x000000010774c000 	/Applications/RStudio.app/Contents/Resources/app/Frameworks/libkrb5.3.3.dylib
0x0000000107813000 	/Applications/RStudio.app/Contents/Resources/app/Frameworks/libk5crypto.3.1.dylib
0x000000010784f000 	/Applications/RStudio.app/Contents/Resources/app/Frameworks/libcom_err.3.0.dylib
0x000000010786a000 	/Applications/RStudio.app/Contents/Resources/app/Frameworks/libkrb5support.1.1.dylib
0x0000000107883000 	/Applications/RStudio.app/Contents/Resources/app/Frameworks/libintl.8.dylib
0x000000010789f000 	/Library/Frameworks/R.framework/Versions/4.2/Resources/lib/libRblas.dylib
0x00000001078d7000 	/Library/Frameworks/R.framework/Versions/4.2/Resources/lib/libgfortran.5.dylib
0x0000000107b91000 	/Library/Frameworks/R.framework/Versions/4.2/Resources/lib/libquadmath.0.dylib
0x00007fff40df7000 	/usr/lib/libncurses.5.4.dylib
0x0000000107bdd000 	/Library/Frameworks/R.framework/Versions/4.2/Resources/lib/libgcc_s.1.dylib
0x0000000109afb000 	/Library/Frameworks/R.framework/Versions/4.2/Resources/library/methods/libs/methods.so
0x0000000109b13000 	/Library/Frameworks/R.framework/Versions/4.2/Resources/library/utils/libs/utils.so
0x0000000109b2f000 	/Library/Frameworks/R.framework/Versions/4.2/Resources/library/grDevices/libs/grDevices.so
0x00007fff2b831000 	/System/Library/PrivateFrameworks/login.framework/Versions/A/login
0x0000000109b93000 	/Library/Frameworks/R.framework/Versions/4.2/Resources/library/graphics/libs/graphics.so
0x0000000109be3000 	/Library/Frameworks/R.framework/Versions/4.2/Resources/library/stats/libs/stats.so
0x0000000109ec9000 	/Library/Frameworks/R.framework/Versions/4.2/Resources/lib/libRlapack.dylib
0x0000000109caf000 	/Library/Frameworks/R.framework/Versions/4.2/Resources/library/tools/libs/tools.so
0x000000010a139000 	/Library/Frameworks/R.framework/Versions/4.2/Resources/modules/internet.so
0x00007fff32f7b000 	/usr/lib/libcurl.4.dylib
0x00007fff32cdb000 	/usr/lib/libcrypto.44.dylib
0x00007fff32de1000 	/usr/lib/libssl.46.dylib
0x00007fff32ca1000 	/System/Library/Frameworks/LDAP.framework/Versions/A/LDAP
0x00007fff32cd9000 	/System/Library/PrivateFrameworks/TrustEvaluationAgent.framework/Versions/A/TrustEvaluationAgent
0x00007fff2cef6000 	/usr/lib/libsasl2.2.dylib
0x00007fff3020c000 	/System/Library/PrivateFrameworks/CoreDaemon.framework/Versions/B/CoreDaemon
0x00007fff30207000 	/System/Library/PrivateFrameworks/AppleSRP.framework/Versions/A/AppleSRP
0x0000000109cd3000 	/Library/Frameworks/R.framework/Versions/4.2/Resources/library/digest/libs/digest.so
0x0000000109cfc000 	/Library/Frameworks/R.framework/Versions/4.2/Resources/library/rlang/libs/rlang.so
0x0000000109d48000 	/Library/Frameworks/R.framework/Versions/4.2/Resources/library/cli/libs/cli.so
0x0000000109d71000 	/Library/Frameworks/R.framework/Versions/4.2/Resources/library/fastmap/libs/fastmap.so
0x00000001076f5000 	/Library/Frameworks/R.framework/Versions/4.2/Resources/library/htmltools/libs/htmltools.so
0x0000000109d81000 	/Library/Frameworks/R.framework/Versions/4.2/Resources/library/xfun/libs/xfun.so
0x000000010a25d000 	/Library/Frameworks/R.framework/Versions/4.2/Resources/library/yaml/libs/yaml.so
0x00007fff2c013000 	/System/Library/Frameworks/MediaToolbox.framework/Versions/A/MediaToolbox
0x00007fff30ff4000 	/System/Library/PrivateFrameworks/CoreAVCHD.framework/Versions/A/CoreAVCHD
0x00007fff301db000 	/System/Library/Frameworks/MediaAccessibility.framework/Versions/A/MediaAccessibility
0x00007fff30ff0000 	/System/Library/PrivateFrameworks/Mangrove.framework/Versions/A/Mangrove
0x00007fff301e7000 	/System/Library/PrivateFrameworks/AlgosScoreFramework.framework/Versions/A/AlgosScoreFramework
0x00007fff319de000 	/System/Library/PrivateFrameworks/AppleVPA.framework/Versions/A/AppleVPA
0x00007fff30c35000 	/System/Library/PrivateFrameworks/CoreAUC.framework/Versions/A/CoreAUC
0x00007fff412b3000 	/System/Library/Frameworks/Accelerate.framework/Versions/A/Frameworks/vImage.framework/Versions/A/Libraries/libCGInterfaces.dylib
0x000000010a4b4000 	/Library/Frameworks/R.framework/Versions/4.2/Resources/library/Rcpp/libs/Rcpp.so
0x0000000110701000 	/Library/Frameworks/R.framework/Versions/4.2/Resources/library/terra/libs/terra.so
0x0000000109d9c000 	/Library/Frameworks/R.framework/Versions/4.2/Resources/library/jsonlite/libs/jsonlite.so
0x0000000113651000 	/Library/Frameworks/R.framework/Versions/4.2/Resources/library/stringi/libs/stringi.so
0x000000010a2d6000 	/Library/Frameworks/R.framework/Versions/4.2/Resources/library/magrittr/libs/magrittr.so
0x000000010a2f8000 	/Library/Internet Plug-Ins/JavaAppletPlugin.plugin/Contents/Home/lib/jli/libjli.dylib
0x00007fff34fb1000 	/System/Library/Frameworks/Cocoa.framework/Versions/A/Cocoa
0x000000010c800000 	/Library/Internet Plug-Ins/JavaAppletPlugin.plugin/Contents/Home/lib/server/libjvm.dylib
0x000000010a35c000 	/Library/Frameworks/R.framework/Versions/4.2/Resources/library/rJava/libs/rJava.so
0x000000010a30b000 	/Library/Internet Plug-Ins/JavaAppletPlugin.plugin/Contents/Home/lib/libverify.dylib
0x000000010a54e000 	/Library/Internet Plug-Ins/JavaAppletPlugin.plugin/Contents/Home/lib/libjava.dylib
0x000000010a65c000 	/Library/Internet Plug-Ins/JavaAppletPlugin.plugin/Contents/Home/lib/libzip.dylib
0x000000010a77b000 	/Library/Internet Plug-Ins/JavaAppletPlugin.plugin/Contents/Home/lib/libosx.dylib
0x000000010a78d000 	/Library/Internet Plug-Ins/JavaAppletPlugin.plugin/Contents/Home/lib/libosxapp.dylib
0x00007fff6e8f7000 	/System/Library/Frameworks/JavaNativeFoundation.framework/Versions/A/JavaNativeFoundation
0x00007fff6e903000 	/System/Library/Frameworks/JavaRuntimeSupport.framework/Versions/A/JavaRuntimeSupport
0x00007fff3c9dd000 	/System/Library/Frameworks/Carbon.framework/Versions/A/Carbon
0x00007fff3bff4000 	/System/Library/Frameworks/ExceptionHandling.framework/Versions/A/ExceptionHandling
0x00007fff36479000 	/System/Library/Frameworks/Carbon.framework/Versions/A/Frameworks/CommonPanels.framework/Versions/A/CommonPanels
0x00007fff32f63000 	/System/Library/Frameworks/Carbon.framework/Versions/A/Frameworks/Help.framework/Versions/A/Help
0x00007fff3647d000 	/System/Library/Frameworks/Carbon.framework/Versions/A/Frameworks/ImageCapture.framework/Versions/A/ImageCapture
0x00007fff3644d000 	/System/Library/Frameworks/Carbon.framework/Versions/A/Frameworks/OpenScripting.framework/Versions/A/OpenScripting
0x00007fff36475000 	/System/Library/Frameworks/Carbon.framework/Versions/A/Frameworks/Ink.framework/Versions/A/Ink
0x00007fff3c9d9000 	/System/Library/Frameworks/Carbon.framework/Versions/A/Frameworks/Print.framework/Versions/A/Print
0x00007fff36471000 	/System/Library/Frameworks/Carbon.framework/Versions/A/Frameworks/SecurityHI.framework/Versions/A/SecurityHI
0x00007fff31b0c000 	/System/Library/PrivateFrameworks/CoreSymbolication.framework/Versions/A/CoreSymbolication
0x00007fff31ad0000 	/System/Library/PrivateFrameworks/DebugSymbols.framework/Versions/A/DebugSymbols
0x000000010e557000 	/Library/Internet Plug-Ins/JavaAppletPlugin.plugin/Contents/Home/lib/libawt.dylib
0x000000010e5f7000 	/Library/Internet Plug-Ins/JavaAppletPlugin.plugin/Contents/Home/lib/libmlib_image.dylib
0x000000010e6b6000 	/Library/Internet Plug-Ins/JavaAppletPlugin.plugin/Contents/Home/lib/libawt_lwawt.dylib
0x000000012575f000 	/Library/Internet Plug-Ins/JavaAppletPlugin.plugin/Contents/Home/lib/libfontmanager.dylib
0x00007fff22ba5000 	/System/Library/PrivateFrameworks/CoreServicesInternal.framework/Versions/A/CoreServicesInternal
0x000000010a2ae000 	/usr/lib/libobjc-trampolines.dylib
0x0000000126151000 	/Library/Internet Plug-Ins/JavaAppletPlugin.plugin/Contents/Home/lib/libnet.dylib
0x000000012616b000 	/Library/Internet Plug-Ins/JavaAppletPlugin.plugin/Contents/Home/lib/libnio.dylib

VM Arguments:
jvm_args: -Djava.awt.headless=true -Xmx512m -Xrs vfprintf exit -Xss2m 
java_command: <unknown>
java_class_path (initial): /Library/Frameworks/R.framework/Versions/4.2/Resources/library/rJava/java/boot
Launcher Type: generic

Environment Variables:
PATH=/usr/local/bin:/usr/bin:/bin:/usr/sbin:/sbin:/opt/X11/bin:/Users/aphillim/Applications/quarto/bin:/Library/TeX/texbin:/usr/texbin:/Applications/RStudio.app/Contents/Resources/app/quarto/bin:/Applications/RStudio.app/Contents/Resources/app/bin/postback
SHELL=/bin/bash
DISPLAY=/private/tmp/com.apple.launchd.SCtfG1OXCy/org.macosforge.xquartz:0
DYLD_LIBRARY_PATH=/Library/Internet Plug-Ins/JavaAppletPlugin.plugin/Contents/Home/lib/server

Signal Handlers:
SIGSEGV: [libjvm.dylib+0x5a1f9b], sa_mask[0]=11111111011111110111111111111111, sa_flags=SA_ONSTACK|SA_RESTART|SA_SIGINFO
SIGBUS: [libjvm.dylib+0x5a1f9b], sa_mask[0]=11111111011111110111111111111111, sa_flags=SA_RESTART|SA_SIGINFO
SIGFPE: [libjvm.dylib+0x492701], sa_mask[0]=11111111011111110111111111111111, sa_flags=SA_RESTART|SA_SIGINFO
SIGPIPE: [libjvm.dylib+0x492701], sa_mask[0]=11111111011111110111111111111111, sa_flags=SA_RESTART|SA_SIGINFO
SIGXFSZ: [libjvm.dylib+0x492701], sa_mask[0]=11111111011111110111111111111111, sa_flags=SA_RESTART|SA_SIGINFO
SIGILL: [libjvm.dylib+0x492701], sa_mask[0]=11111111011111110111111111111111, sa_flags=SA_RESTART|SA_SIGINFO
SIGUSR1: SIG_IGN, sa_mask[0]=00000000000000000000000000000000, sa_flags=none
SIGUSR2: [libjvm.dylib+0x492ffa], sa_mask[0]=10000000000000000000000000000000, sa_flags=SA_RESTART|SA_SIGINFO
SIGHUP: SIG_DFL, sa_mask[0]=00000000000000000000000000000000, sa_flags=none
SIGINT: [rsession+0x1730d0], sa_mask[0]=00000000000000000000000000000000, sa_flags=SA_RESTART
SIGTERM: SIG_DFL, sa_mask[0]=00000000000000000000000000000000, sa_flags=none
SIGQUIT: SIG_DFL, sa_mask[0]=00000000000000000000000000000000, sa_flags=none


---------------  S Y S T E M  ---------------

OS:Bsduname:Darwin 20.6.0 Darwin Kernel Version 20.6.0: Sun Nov  6 23:17:00 PST 2022; root:xnu-7195.141.46~1/RELEASE_X86_64 x86_64
rlimit: STACK 8192k, CORE 0k, NPROC 2784, NOFILE 10240, AS infinity
load average:3.05 5.04 4.98

CPU:total 4 (initial active 4) (2 cores per cpu, 2 threads per core) family 6 model 69 stepping 1, cmov, cx8, fxsr, mmx, sse, sse2, sse3, ssse3, sse4.1, sse4.2, popcnt, avx, avx2, aes, clmul, erms, lzcnt, ht, tsc, tscinvbit, bmi1, bmi2

Memory: 4k page, physical 16777216k(1637748k free)

/proc/meminfo:


vm_info: Java HotSpot(TM) 64-Bit Server VM (25.281-b09) for bsd-amd64 JRE (1.8.0_281-b09), built on Dec  9 2020 12:44:49 by "java_re" with gcc 4.2.1 Compatible Apple LLVM 10.0.0 (clang-1000.11.45.5)

time: Wed Jun  7 12:26:59 2023
timezone: BST
elapsed time: 4418.422361 seconds (0d 1h 13m 38s)

